#***************************************************************************

#sjplacer

#Version:            1.1

#Build Date:         Dec  5 2017 15:35:27

#File Generated:     Nov 17 2019 13:55:21

#Purpose:            

#Copyright (C) 2010-2011 by Softjin Technologies Pvt Ltd. All rights reserved.

#***************************************************************************

Executing : C:\Program Files (x86)\Cypress\PSoC Creator\4.2\PSoC Creator\bin/sjplacer.exe --proj-name Robot_Control --netlist-vh2 Robot_Control_p.vh2 --arch p35_udb4x6 --arch-file C:\Program Files (x86)\Cypress\PSoC Creator\4.2\PSoC Creator\dev\arch/udbdsi_4x6_24.cydata --ip-file C:\Program Files (x86)\Cypress\PSoC Creator\4.2\PSoC Creator\dev\psoc5/psoc5lp/ip_blocks.cydata --rrg-file C:\Program Files (x86)\Cypress\PSoC Creator\4.2\PSoC Creator\dev\psoc5/psoc5lp/route_arch-rrg.cydata --irq-file C:\Program Files (x86)\Cypress\PSoC Creator\4.2\PSoC Creator\dev\psoc5/psoc5lp/irqconn.cydata --drq-file C:\Program Files (x86)\Cypress\PSoC Creator\4.2\PSoC Creator\dev\psoc5/psoc5lp/dmaconn.cydata --dsi-conn-file C:\Program Files (x86)\Cypress\PSoC Creator\4.2\PSoC Creator\dev\psoc5/psoc5lp/dsiconn.cydata --pins-file pins_68-QFN.xml --lib-file Robot_Control_p.lib --sdc-file Robot_Control.sdc --io-pcf Robot_Control.pci --outdir .

		Softjin Techologies Placer, Version 1.1

Build Date : Dec  5 2017	15:33:41

D2004: Option and Settings Summary
=============================================================
Netlist vh2 file          - Robot_Control_p.vh2
Architecture file         - C:\Program Files (x86)\Cypress\PSoC Creator\4.2\PSoC Creator\dev\arch/udbdsi_4x6_24.cydata
Package                   - 
Defparam file             - 
SDC file                  - Robot_Control.sdc
Output directory          - .
Timing library            - Robot_Control_p.lib
IO Placement file         - Robot_Control.pci

D2050: Starting reading inputs for placer
=============================================================
D2065: Reading netlist file : "Robot_Control_p.vh2"
D2065: Reading arch file : "C:\Program Files (x86)\Cypress\PSoC Creator\4.2\PSoC Creator\dev\arch/udbdsi_4x6_24.cydata"
D2051: Reading of inputs for placer completed successfully

D2053: Starting placement of the design
=============================================================

Phase 2
Phase 3

Design Statistics after Packing
    Number of Combinational MCs 	:	8
    Number of Sequential MCs    	:	56
    Number of DPs               	:	16
    Number of Controls          	:	8
    Number of Status            	:	8
    Number of SyncCells         	:	0
    Number of count7cells       	:	0

Device Utilization Summary after Packing
    Macrocells                  :	64/192
    UDBS                        :	16/24
    IOs                         :	16/72


D2088: Phase 3, elapsed time : 0.0 (sec)

Phase 4
D2088: Phase 4, elapsed time : 0.0 (sec)

Phase 5
D2088: Phase 5, elapsed time : 0.0 (sec)

Phase 6

######################################################################
Placement Timing Summary

The timing summary is based on estimated routing delays after
placement. For final timing report, please carry out the timing
analysis after routing.
======================================================================

######################################################################
                     Clock Summary 
======================================================================
Number of clocks: 13
Clock: Clock_1              | Frequency:  59.7 MHz | Target:   1.0 MHz
Clock: Clock_2              | Frequency:  59.7 MHz | Target:   3.0 MHz
Clock: Clock_3              | Frequency:  59.7 MHz | Target:   1.0 MHz
Clock: Clock_4              | Frequency:  59.7 MHz | Target:   3.0 MHz
Clock: Clock_5              | Frequency:  59.7 MHz | Target:   1.0 MHz
Clock: Clock_6              | Frequency:  59.7 MHz | Target:   3.0 MHz
Clock: Clock_7              | Frequency:  59.7 MHz | Target:   3.0 MHz
Clock: Clock_8              | Frequency:  59.7 MHz | Target:   1.0 MHz
Clock: CyBUS_CLK            | Frequency: N/A       | Target:  24.0 MHz
Clock: CyILO                | Frequency: N/A       | Target:   0.0 MHz
Clock: CyIMO                | Frequency: N/A       | Target:   3.0 MHz
Clock: CyMASTER_CLK         | Frequency: N/A       | Target:  24.0 MHz
Clock: CyPLL_OUT            | Frequency: N/A       | Target:  24.0 MHz

======================================================================
                     End of Clock Summary
######################################################################

D2088: Phase 6, elapsed time : 0.0 (sec)

Phase 7
######################################################################
                     Clock Summary 
======================================================================
Number of clocks: 13
Clock: Clock_1              | Frequency:  59.7 MHz | Target:   1.0 MHz
Clock: Clock_2              | Frequency:  59.7 MHz | Target:   3.0 MHz
Clock: Clock_3              | Frequency:  59.7 MHz | Target:   1.0 MHz
Clock: Clock_4              | Frequency:  59.7 MHz | Target:   3.0 MHz
Clock: Clock_5              | Frequency:  59.7 MHz | Target:   1.0 MHz
Clock: Clock_6              | Frequency:  59.7 MHz | Target:   3.0 MHz
Clock: Clock_7              | Frequency:  59.7 MHz | Target:   3.0 MHz
Clock: Clock_8              | Frequency:  59.7 MHz | Target:   1.0 MHz
Clock: CyBUS_CLK            | Frequency: N/A       | Target:  24.0 MHz
Clock: CyILO                | Frequency: N/A       | Target:   0.0 MHz
Clock: CyIMO                | Frequency: N/A       | Target:   3.0 MHz
Clock: CyMASTER_CLK         | Frequency: N/A       | Target:  24.0 MHz
Clock: CyPLL_OUT            | Frequency: N/A       | Target:  24.0 MHz

======================================================================
                     End of Clock Summary
######################################################################
D2088: Phase 7, elapsed time : 0.5 (sec)

Final Design Statistics
    Number of Combinational MCs 	:	8
    Number of Sequential MCs    	:	56
    Number of DPs               	:	16
    Number of Controls          	:	8
    Number of Status            	:	8
    Number of SyncCells         	:	0
    Number of count7cells       	:	0
    Number of IOs       	:	16

Device Utilization Summary
    Macrocells                  :	64/192
    IOs                         :	16/72



######################################################################
Placement Timing Summary

The timing summary is based on estimated routing delays after
placement. For final timing report, please carry out the timing
analysis after routing.
======================================================================


######################################################################
                     Clock Summary 
======================================================================
Number of clocks: 13
Clock: Clock_1              | Frequency:  59.7 MHz | Target:   1.1 MHz
Clock: Clock_2              | Frequency:  59.7 MHz | Target:   3.3 MHz
Clock: Clock_3              | Frequency:  59.7 MHz | Target:   1.1 MHz
Clock: Clock_4              | Frequency:  59.7 MHz | Target:   3.3 MHz
Clock: Clock_5              | Frequency:  59.7 MHz | Target:   1.1 MHz
Clock: Clock_6              | Frequency:  59.7 MHz | Target:   3.3 MHz
Clock: Clock_7              | Frequency:  59.7 MHz | Target:   3.3 MHz
Clock: Clock_8              | Frequency:  59.7 MHz | Target:   1.1 MHz
Clock: CyBUS_CLK            | Frequency: N/A       | Target:  24.0 MHz
Clock: CyILO                | Frequency: N/A       | Target:   0.0 MHz
Clock: CyIMO                | Frequency: N/A       | Target:   3.0 MHz
Clock: CyMASTER_CLK         | Frequency: N/A       | Target:  24.0 MHz
Clock: CyPLL_OUT            | Frequency: N/A       | Target:  24.0 MHz

======================================================================
                     End of Clock Summary
######################################################################

Phase 8
D2088: Phase 8, elapsed time : 0.0 (sec)

D2054: Placement of the design completed successfully

I2076: Total run-time: 1.2 sec.

